tracker: process with pid 11580 started.
"follow meeeeeeee? pleeeeeeeeeeeeeeeeeeeeaaassseeee? @justinbieber"
on_reconnect: 0.25, 0
"Only Justin uses car windows because doors are so overrated! ;)   \n@justinbieber \nhttp://t.co/YJN6OF00z5"
on_reconnect: 0.25, 0
"RT @letmehugjustin: @justinbieber THIS IS THE MOST BEAUTIFUL SURPRISE. I love this video. u, beliebers, just us. #AATWvideo x15"
on_reconnect: 0.25, 0
"@justinbieber salut, comment tu vas? J'espers que tu vas bien et qu'un jour tu me prendras dans tes bras."
on_reconnect: 0.25, 0
"@justinbieber i love you"
on_reconnect: 0.25, 0
"ciaciaciacia :V \"@justinbieber : OMG MUTIARA888 I LOVE YOU! YOU ROCK MY WORLD!! :*\""
on_reconnect: 0.25, 0
"RT @Overboard_OLLG: #5YearsJustinSigned\n 5 years ago you were signing a contract that completely changed my life! I love u! @justinbieber"
on_reconnect: 0.25, 0
"@justinbieber I love you💛"
on_reconnect: 0.25, 0
"@justinbieber BISOUS !!!! x"
on_reconnect: 0.25, 0
"http://t.co/NA0K3lpHzp like this page if you have Facebook and if you love @justinbieber"
on_reconnect: 0.25, 0
"#5YearsJustinSigned Thank you, Bieber. For everything. #proud @justinbieber x7"
on_reconnect: 0.25, 0
"De verdad que yo pasaria jugando ese \"Twister\" TODO EL DIA TODOS LOS DIAS♥ jiji @justinbieber*-* http://t.co/ZWROcHWeDG"
on_reconnect: 0.25, 0
"@LindeBerends @justinbieber hahaha"
on_reconnect: 0.25, 0
"I'm so proud of how far @justinbieber has come in 5 years ❤😊 #5YearsJustinSigned #Happy5YearsJustin http://t.co/PBX3LVcJu3"
"When @justinbieber is going to sing: Be Alright or Nothing like Us. i'm serious going to cry."
"RT @JUZ10BhieBah: ATTENTION Beliebah! Guys keep watching #AATW lets break the record! we gonna do it for @justinbieber to be pround! #Be ..."
on_reconnect: 0.25, 0
"Ckckck kngen berat ni  ( ‾▿‾)-σ \"@destrii_Biebs: beb @justinbieber lg apa seehh!?!? Whatsapp gadibalas ckp tau huh :(\""
on_reconnect: 0.25, 0
on_reconnect: 0.5, 1
